Determining if the Q_WS_X11 exist failed with the following output:
Change Dir: /Users/zhanghuiping/Desktop/robotCute/robotCute/build/CMakeFiles/CMakeTmp

Run Build Command:/usr/bin/make "cmTryCompileExec3436832111/fast"
/Applications/Xcode.app/Contents/Developer/usr/bin/make -f CMakeFiles/cmTryCompileExec3436832111.dir/build.make CMakeFiles/cmTryCompileExec3436832111.dir/build
/opt/local/bin/cmake -E cmake_progress_report /Users/zhanghuiping/Desktop/robotCute/robotCute/build/CMakeFiles/CMakeTmp/CMakeFiles 1
Building CXX object CMakeFiles/cmTryCompileExec3436832111.dir/CheckSymbolExists.cxx.o
/usr/bin/c++    -I/opt/anaconda1anaconda2anaconda3/include -F/Library/Frameworks    -o CMakeFiles/cmTryCompileExec3436832111.dir/CheckSymbolExists.cxx.o -c /Users/zhanghuiping/Desktop/robotCute/robotCute/build/CMakeFiles/CMakeTmp/CheckSymbolExists.cxx
In file included from /Users/zhanghuiping/Desktop/robotCute/robotCute/build/CMakeFiles/CMakeTmp/CheckSymbolExists.cxx:2:
/Library/Frameworks/QtCore.framework/Headers/qglobal.h:331:6: warning: "This version of Mac OS X is unsupported" [-W#warnings]
#    warning "This version of Mac OS X is unsupported"
     ^
/Users/zhanghuiping/Desktop/robotCute/robotCute/build/CMakeFiles/CMakeTmp/CheckSymbolExists.cxx:8:19: error: use of undeclared identifier 'Q_WS_X11'
  return ((int*)(&Q_WS_X11))[argc];
                  ^
1 warning and 1 error generated.
make[1]: *** [CMakeFiles/cmTryCompileExec3436832111.dir/CheckSymbolExists.cxx.o] Error 1
make: *** [cmTryCompileExec3436832111/fast] Error 2

File /Users/zhanghuiping/Desktop/robotCute/robotCute/build/CMakeFiles/CMakeTmp/CheckSymbolExists.cxx:
/* */
#include <QtCore/qglobal.h>

int main(int argc, char** argv)
{
  (void)argv;
#ifndef Q_WS_X11
  return ((int*)(&Q_WS_X11))[argc];
#else
  (void)argc;
  return 0;
#endif
}

Determining if the Q_WS_WIN exist failed with the following output:
Change Dir: /Users/zhanghuiping/Desktop/robotCute/robotCute/build/CMakeFiles/CMakeTmp

Run Build Command:/usr/bin/make "cmTryCompileExec1551606701/fast"
/Applications/Xcode.app/Contents/Developer/usr/bin/make -f CMakeFiles/cmTryCompileExec1551606701.dir/build.make CMakeFiles/cmTryCompileExec1551606701.dir/build
/opt/local/bin/cmake -E cmake_progress_report /Users/zhanghuiping/Desktop/robotCute/robotCute/build/CMakeFiles/CMakeTmp/CMakeFiles 1
Building CXX object CMakeFiles/cmTryCompileExec1551606701.dir/CheckSymbolExists.cxx.o
/usr/bin/c++    -I/opt/anaconda1anaconda2anaconda3/include -F/Library/Frameworks    -o CMakeFiles/cmTryCompileExec1551606701.dir/CheckSymbolExists.cxx.o -c /Users/zhanghuiping/Desktop/robotCute/robotCute/build/CMakeFiles/CMakeTmp/CheckSymbolExists.cxx
In file included from /Users/zhanghuiping/Desktop/robotCute/robotCute/build/CMakeFiles/CMakeTmp/CheckSymbolExists.cxx:2:
/Library/Frameworks/QtCore.framework/Headers/qglobal.h:331:6: warning: "This version of Mac OS X is unsupported" [-W#warnings]
#    warning "This version of Mac OS X is unsupported"
     ^
/Users/zhanghuiping/Desktop/robotCute/robotCute/build/CMakeFiles/CMakeTmp/CheckSymbolExists.cxx:8:19: error: use of undeclared identifier 'Q_WS_WIN'
  return ((int*)(&Q_WS_WIN))[argc];
                  ^
1 warning and 1 error generated.
make[1]: *** [CMakeFiles/cmTryCompileExec1551606701.dir/CheckSymbolExists.cxx.o] Error 1
make: *** [cmTryCompileExec1551606701/fast] Error 2

File /Users/zhanghuiping/Desktop/robotCute/robotCute/build/CMakeFiles/CMakeTmp/CheckSymbolExists.cxx:
/* */
#include <QtCore/qglobal.h>

int main(int argc, char** argv)
{
  (void)argv;
#ifndef Q_WS_WIN
  return ((int*)(&Q_WS_WIN))[argc];
#else
  (void)argc;
  return 0;
#endif
}

Determining if the Q_WS_QWS exist failed with the following output:
Change Dir: /Users/zhanghuiping/Desktop/robotCute/robotCute/build/CMakeFiles/CMakeTmp

Run Build Command:/usr/bin/make "cmTryCompileExec880677362/fast"
/Applications/Xcode.app/Contents/Developer/usr/bin/make -f CMakeFiles/cmTryCompileExec880677362.dir/build.make CMakeFiles/cmTryCompileExec880677362.dir/build
/opt/local/bin/cmake -E cmake_progress_report /Users/zhanghuiping/Desktop/robotCute/robotCute/build/CMakeFiles/CMakeTmp/CMakeFiles 1
Building CXX object CMakeFiles/cmTryCompileExec880677362.dir/CheckSymbolExists.cxx.o
/usr/bin/c++    -I/opt/anaconda1anaconda2anaconda3/include -F/Library/Frameworks    -o CMakeFiles/cmTryCompileExec880677362.dir/CheckSymbolExists.cxx.o -c /Users/zhanghuiping/Desktop/robotCute/robotCute/build/CMakeFiles/CMakeTmp/CheckSymbolExists.cxx
In file included from /Users/zhanghuiping/Desktop/robotCute/robotCute/build/CMakeFiles/CMakeTmp/CheckSymbolExists.cxx:2:
/Library/Frameworks/QtCore.framework/Headers/qglobal.h:331:6: warning: "This version of Mac OS X is unsupported" [-W#warnings]
#    warning "This version of Mac OS X is unsupported"
     ^
/Users/zhanghuiping/Desktop/robotCute/robotCute/build/CMakeFiles/CMakeTmp/CheckSymbolExists.cxx:8:19: error: use of undeclared identifier 'Q_WS_QWS'
  return ((int*)(&Q_WS_QWS))[argc];
                  ^
1 warning and 1 error generated.
make[1]: *** [CMakeFiles/cmTryCompileExec880677362.dir/CheckSymbolExists.cxx.o] Error 1
make: *** [cmTryCompileExec880677362/fast] Error 2

File /Users/zhanghuiping/Desktop/robotCute/robotCute/build/CMakeFiles/CMakeTmp/CheckSymbolExists.cxx:
/* */
#include <QtCore/qglobal.h>

int main(int argc, char** argv)
{
  (void)argv;
#ifndef Q_WS_QWS
  return ((int*)(&Q_WS_QWS))[argc];
#else
  (void)argc;
  return 0;
#endif
}

