The system is: Darwin - 13.0.0 - i386
Compiling the C compiler identification source file "CMakeCCompilerId.c" succeeded.
Compiler: /usr/bin/cc 
Build flags: 
Id flags: 

The output was:
0


Compilation of the C compiler identification source "CMakeCCompilerId.c" produced "a.out"

The C compiler identification is Clang, found in "/Users/zhanghuiping/Desktop/robotCute/robotCute/build/CMakeFiles/2.8.12/CompilerIdC/a.out"

Compiling the CXX compiler identification source file "CMakeCXXCompilerId.cpp" succeeded.
Compiler: /usr/bin/c++ 
Build flags: 
Id flags: 

The output was:
0


Compilation of the CXX compiler identification source "CMakeCXXCompilerId.cpp" produced "a.out"

The CXX compiler identification is Clang, found in "/Users/zhanghuiping/Desktop/robotCute/robotCute/build/CMakeFiles/2.8.12/CompilerIdCXX/a.out"

Determining if the C compiler works passed with the following output:
Change Dir: /Users/zhanghuiping/Desktop/robotCute/robotCute/build/CMakeFiles/CMakeTmp

Run Build Command:/usr/bin/make "cmTryCompileExec2681097720/fast"
/Applications/Xcode.app/Contents/Developer/usr/bin/make -f CMakeFiles/cmTryCompileExec2681097720.dir/build.make CMakeFiles/cmTryCompileExec2681097720.dir/build
/opt/local/bin/cmake -E cmake_progress_report /Users/zhanghuiping/Desktop/robotCute/robotCute/build/CMakeFiles/CMakeTmp/CMakeFiles 1
Building C object CMakeFiles/cmTryCompileExec2681097720.dir/testCCompiler.c.o
/usr/bin/cc    -o CMakeFiles/cmTryCompileExec2681097720.dir/testCCompiler.c.o   -c /Users/zhanghuiping/Desktop/robotCute/robotCute/build/CMakeFiles/CMakeTmp/testCCompiler.c
Linking C executable cmTryCompileExec2681097720
/opt/local/bin/cmake -E cmake_link_script CMakeFiles/cmTryCompileExec2681097720.dir/link.txt --verbose=1
/usr/bin/cc    -Wl,-search_paths_first -Wl,-headerpad_max_install_names   CMakeFiles/cmTryCompileExec2681097720.dir/testCCompiler.c.o  -o cmTryCompileExec2681097720  


Detecting C compiler ABI info compiled with the following output:
Change Dir: /Users/zhanghuiping/Desktop/robotCute/robotCute/build/CMakeFiles/CMakeTmp

Run Build Command:/usr/bin/make "cmTryCompileExec1047167168/fast"
/Applications/Xcode.app/Contents/Developer/usr/bin/make -f CMakeFiles/cmTryCompileExec1047167168.dir/build.make CMakeFiles/cmTryCompileExec1047167168.dir/build
/opt/local/bin/cmake -E cmake_progress_report /Users/zhanghuiping/Desktop/robotCute/robotCute/build/CMakeFiles/CMakeTmp/CMakeFiles 1
Building C object CMakeFiles/cmTryCompileExec1047167168.dir/CMakeCCompilerABI.c.o
/usr/bin/cc    -o CMakeFiles/cmTryCompileExec1047167168.dir/CMakeCCompilerABI.c.o   -c /opt/local/share/cmake-2.8/Modules/CMakeCCompilerABI.c
Linking C executable cmTryCompileExec1047167168
/opt/local/bin/cmake -E cmake_link_script CMakeFiles/cmTryCompileExec1047167168.dir/link.txt --verbose=1
/usr/bin/cc    -Wl,-search_paths_first -Wl,-headerpad_max_install_names -v -Wl,-v CMakeFiles/cmTryCompileExec1047167168.dir/CMakeCCompilerABI.c.o  -o cmTryCompileExec1047167168   
Apple LLVM version 5.0 (clang-500.2.79) (based on LLVM 3.3svn)
Target: x86_64-apple-darwin13.0.0
Thread model: posix
 "/Applications/Xcode.app/Contents/Developer/Toolchains/XcodeDefault.xctoolchain/usr/bin/ld" -demangle -dynamic -arch x86_64 -macosx_version_min 10.9.0 -o cmTryCompileExec1047167168 -search_paths_first -headerpad_max_install_names -v CMakeFiles/cmTryCompileExec1047167168.dir/CMakeCCompilerABI.c.o -lSystem /Applications/Xcode.app/Contents/Developer/Toolchains/XcodeDefault.xctoolchain/usr/bin/../lib/clang/5.0/lib/darwin/libclang_rt.osx.a
@(#)PROGRAM:ld  PROJECT:ld64-224.1
configured to support archs: armv6 armv7 armv7s arm64 i386 x86_64 armv6m armv7m armv7em
Library search paths:
	/usr/lib
	/usr/local/lib
Framework search paths:
	/Library/Frameworks/
	/System/Library/Frameworks/


Parsed C implicit link information from above output:
  link line regex: [^( *|.*[/\])(ld|([^/\]+-)?ld|collect2)[^/\]*( |$)]
  ignore line: [Change Dir: /Users/zhanghuiping/Desktop/robotCute/robotCute/build/CMakeFiles/CMakeTmp]
  ignore line: []
  ignore line: [Run Build Command:/usr/bin/make "cmTryCompileExec1047167168/fast"]
  ignore line: [/Applications/Xcode.app/Contents/Developer/usr/bin/make -f CMakeFiles/cmTryCompileExec1047167168.dir/build.make CMakeFiles/cmTryCompileExec1047167168.dir/build]
  ignore line: [/opt/local/bin/cmake -E cmake_progress_report /Users/zhanghuiping/Desktop/robotCute/robotCute/build/CMakeFiles/CMakeTmp/CMakeFiles 1]
  ignore line: [Building C object CMakeFiles/cmTryCompileExec1047167168.dir/CMakeCCompilerABI.c.o]
  ignore line: [/usr/bin/cc    -o CMakeFiles/cmTryCompileExec1047167168.dir/CMakeCCompilerABI.c.o   -c /opt/local/share/cmake-2.8/Modules/CMakeCCompilerABI.c]
  ignore line: [Linking C executable cmTryCompileExec1047167168]
  ignore line: [/opt/local/bin/cmake -E cmake_link_script CMakeFiles/cmTryCompileExec1047167168.dir/link.txt --verbose=1]
  ignore line: [/usr/bin/cc    -Wl,-search_paths_first -Wl,-headerpad_max_install_names -v -Wl,-v CMakeFiles/cmTryCompileExec1047167168.dir/CMakeCCompilerABI.c.o  -o cmTryCompileExec1047167168   ]
  ignore line: [Apple LLVM version 5.0 (clang-500.2.79) (based on LLVM 3.3svn)]
  ignore line: [Target: x86_64-apple-darwin13.0.0]
  ignore line: [Thread model: posix]
  link line: [ "/Applications/Xcode.app/Contents/Developer/Toolchains/XcodeDefault.xctoolchain/usr/bin/ld" -demangle -dynamic -arch x86_64 -macosx_version_min 10.9.0 -o cmTryCompileExec1047167168 -search_paths_first -headerpad_max_install_names -v CMakeFiles/cmTryCompileExec1047167168.dir/CMakeCCompilerABI.c.o -lSystem /Applications/Xcode.app/Contents/Developer/Toolchains/XcodeDefault.xctoolchain/usr/bin/../lib/clang/5.0/lib/darwin/libclang_rt.osx.a]
    arg [/Applications/Xcode.app/Contents/Developer/Toolchains/XcodeDefault.xctoolchain/usr/bin/ld] ==> ignore
    arg [-demangle] ==> ignore
    arg [-dynamic] ==> ignore
    arg [-arch] ==> ignore
    arg [x86_64] ==> ignore
    arg [-macosx_version_min] ==> ignore
    arg [10.9.0] ==> ignore
    arg [-o] ==> ignore
    arg [cmTryCompileExec1047167168] ==> ignore
    arg [-search_paths_first] ==> ignore
    arg [-headerpad_max_install_names] ==> ignore
    arg [-v] ==> ignore
    arg [CMakeFiles/cmTryCompileExec1047167168.dir/CMakeCCompilerABI.c.o] ==> ignore
    arg [-lSystem] ==> lib [System]
    arg [/Applications/Xcode.app/Contents/Developer/Toolchains/XcodeDefault.xctoolchain/usr/bin/../lib/clang/5.0/lib/darwin/libclang_rt.osx.a] ==> lib [/Applications/Xcode.app/Contents/Developer/Toolchains/XcodeDefault.xctoolchain/usr/bin/../lib/clang/5.0/lib/darwin/libclang_rt.osx.a]
  Library search paths: [;/usr/lib;/usr/local/lib]
  Framework search paths: [;/Library/Frameworks/;/System/Library/Frameworks/]
  remove lib [System]
  collapse lib [/Applications/Xcode.app/Contents/Developer/Toolchains/XcodeDefault.xctoolchain/usr/bin/../lib/clang/5.0/lib/darwin/libclang_rt.osx.a] ==> [/Applications/Xcode.app/Contents/Developer/Toolchains/XcodeDefault.xctoolchain/usr/lib/clang/5.0/lib/darwin/libclang_rt.osx.a]
  collapse library dir [/usr/lib] ==> [/usr/lib]
  collapse library dir [/usr/local/lib] ==> [/usr/local/lib]
  collapse framework dir [/Library/Frameworks/] ==> [/Library/Frameworks]
  collapse framework dir [/System/Library/Frameworks/] ==> [/System/Library/Frameworks]
  implicit libs: [/Applications/Xcode.app/Contents/Developer/Toolchains/XcodeDefault.xctoolchain/usr/lib/clang/5.0/lib/darwin/libclang_rt.osx.a]
  implicit dirs: [/usr/lib;/usr/local/lib]
  implicit fwks: [/Library/Frameworks;/System/Library/Frameworks]


Determining if the CXX compiler works passed with the following output:
Change Dir: /Users/zhanghuiping/Desktop/robotCute/robotCute/build/CMakeFiles/CMakeTmp

Run Build Command:/usr/bin/make "cmTryCompileExec3755129967/fast"
/Applications/Xcode.app/Contents/Developer/usr/bin/make -f CMakeFiles/cmTryCompileExec3755129967.dir/build.make CMakeFiles/cmTryCompileExec3755129967.dir/build
/opt/local/bin/cmake -E cmake_progress_report /Users/zhanghuiping/Desktop/robotCute/robotCute/build/CMakeFiles/CMakeTmp/CMakeFiles 1
Building CXX object CMakeFiles/cmTryCompileExec3755129967.dir/testCXXCompiler.cxx.o
/usr/bin/c++     -o CMakeFiles/cmTryCompileExec3755129967.dir/testCXXCompiler.cxx.o -c /Users/zhanghuiping/Desktop/robotCute/robotCute/build/CMakeFiles/CMakeTmp/testCXXCompiler.cxx
Linking CXX executable cmTryCompileExec3755129967
/opt/local/bin/cmake -E cmake_link_script CMakeFiles/cmTryCompileExec3755129967.dir/link.txt --verbose=1
/usr/bin/c++     -Wl,-search_paths_first -Wl,-headerpad_max_install_names   CMakeFiles/cmTryCompileExec3755129967.dir/testCXXCompiler.cxx.o  -o cmTryCompileExec3755129967  


Detecting CXX compiler ABI info compiled with the following output:
Change Dir: /Users/zhanghuiping/Desktop/robotCute/robotCute/build/CMakeFiles/CMakeTmp

Run Build Command:/usr/bin/make "cmTryCompileExec836614584/fast"
/Applications/Xcode.app/Contents/Developer/usr/bin/make -f CMakeFiles/cmTryCompileExec836614584.dir/build.make CMakeFiles/cmTryCompileExec836614584.dir/build
/opt/local/bin/cmake -E cmake_progress_report /Users/zhanghuiping/Desktop/robotCute/robotCute/build/CMakeFiles/CMakeTmp/CMakeFiles 1
Building CXX object CMakeFiles/cmTryCompileExec836614584.dir/CMakeCXXCompilerABI.cpp.o
/usr/bin/c++     -o CMakeFiles/cmTryCompileExec836614584.dir/CMakeCXXCompilerABI.cpp.o -c /opt/local/share/cmake-2.8/Modules/CMakeCXXCompilerABI.cpp
Linking CXX executable cmTryCompileExec836614584
/opt/local/bin/cmake -E cmake_link_script CMakeFiles/cmTryCompileExec836614584.dir/link.txt --verbose=1
/usr/bin/c++     -Wl,-search_paths_first -Wl,-headerpad_max_install_names -v -Wl,-v CMakeFiles/cmTryCompileExec836614584.dir/CMakeCXXCompilerABI.cpp.o  -o cmTryCompileExec836614584   
Apple LLVM version 5.0 (clang-500.2.79) (based on LLVM 3.3svn)
Target: x86_64-apple-darwin13.0.0
Thread model: posix
 "/Applications/Xcode.app/Contents/Developer/Toolchains/XcodeDefault.xctoolchain/usr/bin/ld" -demangle -dynamic -arch x86_64 -macosx_version_min 10.9.0 -o cmTryCompileExec836614584 -search_paths_first -headerpad_max_install_names -v CMakeFiles/cmTryCompileExec836614584.dir/CMakeCXXCompilerABI.cpp.o -lc++ -lSystem /Applications/Xcode.app/Contents/Developer/Toolchains/XcodeDefault.xctoolchain/usr/bin/../lib/clang/5.0/lib/darwin/libclang_rt.osx.a
@(#)PROGRAM:ld  PROJECT:ld64-224.1
configured to support archs: armv6 armv7 armv7s arm64 i386 x86_64 armv6m armv7m armv7em
Library search paths:
	/usr/lib
	/usr/local/lib
Framework search paths:
	/Library/Frameworks/
	/System/Library/Frameworks/


Parsed CXX implicit link information from above output:
  link line regex: [^( *|.*[/\])(ld|([^/\]+-)?ld|collect2)[^/\]*( |$)]
  ignore line: [Change Dir: /Users/zhanghuiping/Desktop/robotCute/robotCute/build/CMakeFiles/CMakeTmp]
  ignore line: []
  ignore line: [Run Build Command:/usr/bin/make "cmTryCompileExec836614584/fast"]
  ignore line: [/Applications/Xcode.app/Contents/Developer/usr/bin/make -f CMakeFiles/cmTryCompileExec836614584.dir/build.make CMakeFiles/cmTryCompileExec836614584.dir/build]
  ignore line: [/opt/local/bin/cmake -E cmake_progress_report /Users/zhanghuiping/Desktop/robotCute/robotCute/build/CMakeFiles/CMakeTmp/CMakeFiles 1]
  ignore line: [Building CXX object CMakeFiles/cmTryCompileExec836614584.dir/CMakeCXXCompilerABI.cpp.o]
  ignore line: [/usr/bin/c++     -o CMakeFiles/cmTryCompileExec836614584.dir/CMakeCXXCompilerABI.cpp.o -c /opt/local/share/cmake-2.8/Modules/CMakeCXXCompilerABI.cpp]
  ignore line: [Linking CXX executable cmTryCompileExec836614584]
  ignore line: [/opt/local/bin/cmake -E cmake_link_script CMakeFiles/cmTryCompileExec836614584.dir/link.txt --verbose=1]
  ignore line: [/usr/bin/c++     -Wl,-search_paths_first -Wl,-headerpad_max_install_names -v -Wl,-v CMakeFiles/cmTryCompileExec836614584.dir/CMakeCXXCompilerABI.cpp.o  -o cmTryCompileExec836614584   ]
  ignore line: [Apple LLVM version 5.0 (clang-500.2.79) (based on LLVM 3.3svn)]
  ignore line: [Target: x86_64-apple-darwin13.0.0]
  ignore line: [Thread model: posix]
  link line: [ "/Applications/Xcode.app/Contents/Developer/Toolchains/XcodeDefault.xctoolchain/usr/bin/ld" -demangle -dynamic -arch x86_64 -macosx_version_min 10.9.0 -o cmTryCompileExec836614584 -search_paths_first -headerpad_max_install_names -v CMakeFiles/cmTryCompileExec836614584.dir/CMakeCXXCompilerABI.cpp.o -lc++ -lSystem /Applications/Xcode.app/Contents/Developer/Toolchains/XcodeDefault.xctoolchain/usr/bin/../lib/clang/5.0/lib/darwin/libclang_rt.osx.a]
    arg [/Applications/Xcode.app/Contents/Developer/Toolchains/XcodeDefault.xctoolchain/usr/bin/ld] ==> ignore
    arg [-demangle] ==> ignore
    arg [-dynamic] ==> ignore
    arg [-arch] ==> ignore
    arg [x86_64] ==> ignore
    arg [-macosx_version_min] ==> ignore
    arg [10.9.0] ==> ignore
    arg [-o] ==> ignore
    arg [cmTryCompileExec836614584] ==> ignore
    arg [-search_paths_first] ==> ignore
    arg [-headerpad_max_install_names] ==> ignore
    arg [-v] ==> ignore
    arg [CMakeFiles/cmTryCompileExec836614584.dir/CMakeCXXCompilerABI.cpp.o] ==> ignore
    arg [-lc++] ==> lib [c++]
    arg [-lSystem] ==> lib [System]
    arg [/Applications/Xcode.app/Contents/Developer/Toolchains/XcodeDefault.xctoolchain/usr/bin/../lib/clang/5.0/lib/darwin/libclang_rt.osx.a] ==> lib [/Applications/Xcode.app/Contents/Developer/Toolchains/XcodeDefault.xctoolchain/usr/bin/../lib/clang/5.0/lib/darwin/libclang_rt.osx.a]
  Library search paths: [;/usr/lib;/usr/local/lib]
  Framework search paths: [;/Library/Frameworks/;/System/Library/Frameworks/]
  remove lib [System]
  collapse lib [/Applications/Xcode.app/Contents/Developer/Toolchains/XcodeDefault.xctoolchain/usr/bin/../lib/clang/5.0/lib/darwin/libclang_rt.osx.a] ==> [/Applications/Xcode.app/Contents/Developer/Toolchains/XcodeDefault.xctoolchain/usr/lib/clang/5.0/lib/darwin/libclang_rt.osx.a]
  collapse library dir [/usr/lib] ==> [/usr/lib]
  collapse library dir [/usr/local/lib] ==> [/usr/local/lib]
  collapse framework dir [/Library/Frameworks/] ==> [/Library/Frameworks]
  collapse framework dir [/System/Library/Frameworks/] ==> [/System/Library/Frameworks]
  implicit libs: [c++;/Applications/Xcode.app/Contents/Developer/Toolchains/XcodeDefault.xctoolchain/usr/lib/clang/5.0/lib/darwin/libclang_rt.osx.a]
  implicit dirs: [/usr/lib;/usr/local/lib]
  implicit fwks: [/Library/Frameworks;/System/Library/Frameworks]


Determining if the Q_WS_MAC exist passed with the following output:
Change Dir: /Users/zhanghuiping/Desktop/robotCute/robotCute/build/CMakeFiles/CMakeTmp

Run Build Command:/usr/bin/make "cmTryCompileExec1265396812/fast"
/Applications/Xcode.app/Contents/Developer/usr/bin/make -f CMakeFiles/cmTryCompileExec1265396812.dir/build.make CMakeFiles/cmTryCompileExec1265396812.dir/build
/opt/local/bin/cmake -E cmake_progress_report /Users/zhanghuiping/Desktop/robotCute/robotCute/build/CMakeFiles/CMakeTmp/CMakeFiles 1
Building CXX object CMakeFiles/cmTryCompileExec1265396812.dir/CheckSymbolExists.cxx.o
/usr/bin/c++    -I/opt/anaconda1anaconda2anaconda3/include -F/Library/Frameworks    -o CMakeFiles/cmTryCompileExec1265396812.dir/CheckSymbolExists.cxx.o -c /Users/zhanghuiping/Desktop/robotCute/robotCute/build/CMakeFiles/CMakeTmp/CheckSymbolExists.cxx
In file included from /Users/zhanghuiping/Desktop/robotCute/robotCute/build/CMakeFiles/CMakeTmp/CheckSymbolExists.cxx:2:
/Library/Frameworks/QtCore.framework/Headers/qglobal.h:331:6: warning: "This version of Mac OS X is unsupported" [-W#warnings]
#    warning "This version of Mac OS X is unsupported"
     ^
1 warning generated.
Linking CXX executable cmTryCompileExec1265396812
/opt/local/bin/cmake -E cmake_link_script CMakeFiles/cmTryCompileExec1265396812.dir/link.txt --verbose=1
/usr/bin/c++     -Wl,-search_paths_first -Wl,-headerpad_max_install_names   CMakeFiles/cmTryCompileExec1265396812.dir/CheckSymbolExists.cxx.o  -o cmTryCompileExec1265396812  

File /Users/zhanghuiping/Desktop/robotCute/robotCute/build/CMakeFiles/CMakeTmp/CheckSymbolExists.cxx:
/* */
#include <QtCore/qglobal.h>

int main(int argc, char** argv)
{
  (void)argv;
#ifndef Q_WS_MAC
  return ((int*)(&Q_WS_MAC))[argc];
#else
  (void)argc;
  return 0;
#endif
}

Determining if the QT_MAC_USE_COCOA exist passed with the following output:
Change Dir: /Users/zhanghuiping/Desktop/robotCute/robotCute/build/CMakeFiles/CMakeTmp

Run Build Command:/usr/bin/make "cmTryCompileExec1879410530/fast"
/Applications/Xcode.app/Contents/Developer/usr/bin/make -f CMakeFiles/cmTryCompileExec1879410530.dir/build.make CMakeFiles/cmTryCompileExec1879410530.dir/build
/opt/local/bin/cmake -E cmake_progress_report /Users/zhanghuiping/Desktop/robotCute/robotCute/build/CMakeFiles/CMakeTmp/CMakeFiles 1
Building CXX object CMakeFiles/cmTryCompileExec1879410530.dir/CheckSymbolExists.cxx.o
/usr/bin/c++    -I/opt/anaconda1anaconda2anaconda3/include -F/Library/Frameworks    -o CMakeFiles/cmTryCompileExec1879410530.dir/CheckSymbolExists.cxx.o -c /Users/zhanghuiping/Desktop/robotCute/robotCute/build/CMakeFiles/CMakeTmp/CheckSymbolExists.cxx
Linking CXX executable cmTryCompileExec1879410530
/opt/local/bin/cmake -E cmake_link_script CMakeFiles/cmTryCompileExec1879410530.dir/link.txt --verbose=1
/usr/bin/c++     -Wl,-search_paths_first -Wl,-headerpad_max_install_names   CMakeFiles/cmTryCompileExec1879410530.dir/CheckSymbolExists.cxx.o  -o cmTryCompileExec1879410530  

File /Users/zhanghuiping/Desktop/robotCute/robotCute/build/CMakeFiles/CMakeTmp/CheckSymbolExists.cxx:
/* */
#include <QtCore/qconfig.h>

int main(int argc, char** argv)
{
  (void)argv;
#ifndef QT_MAC_USE_COCOA
  return ((int*)(&QT_MAC_USE_COCOA))[argc];
#else
  (void)argc;
  return 0;
#endif
}

